Build started 17-04-2016 Sun 03:26:40 PM.
     1>Project "C:\Users\reddy\MissionRnDProjects\CMrndTest2\src\src.vcxproj" on node 2 (Build target(s)).
     1>ClCompile:
         C:\Program Files\Microsoft Visual Studio 12.0\VC\bin\CL.exe /c /ZI /nologo /W3 /WX- /sdl /Od /Oy- /D WIN32 /D _DEBUG /D _CONSOLE /D _LIB /D _UNICODE /D UNICODE /Gm /EHsc /RTC1 /MDd /GS /fp:precise /Zc:wchar_t /Zc:forScope /Fo"Debug\\" /Fd"Debug\vc120.pdb" /Gd /TP /analyze- /errorReport:prompt OddEven.cpp
         OddEven.cpp
     1>c:\users\reddy\missionrndprojects\cmrndtest2\src\oddeven.cpp(125): error C2011: 'oddevennode' : 'struct' type redefinition
                 c:\users\reddy\missionrndprojects\cmrndtest2\src\oddeven.cpp(34) : see declaration of 'oddevennode'
     1>c:\users\reddy\missionrndprojects\cmrndtest2\src\oddeven.cpp(133): error C2084: function 'int *oddeven_sll(oddevennode *)' already has a body
                 c:\users\reddy\missionrndprojects\cmrndtest2\src\oddeven.cpp(41) : see previous definition of 'oddeven_sll'
     1>c:\users\reddy\missionrndprojects\cmrndtest2\src\oddeven.cpp(143): error C2027: use of undefined type 'oddevennode'
                 c:\users\reddy\missionrndprojects\cmrndtest2\src\oddeven.cpp(34) : see declaration of 'oddevennode'
     1>c:\users\reddy\missionrndprojects\cmrndtest2\src\oddeven.cpp(143): error C2227: left of '->next' must point to class/struct/union/generic type
     1>c:\users\reddy\missionrndprojects\cmrndtest2\src\oddeven.cpp(147): error C2027: use of undefined type 'oddevennode'
                 c:\users\reddy\missionrndprojects\cmrndtest2\src\oddeven.cpp(34) : see declaration of 'oddevennode'
     1>c:\users\reddy\missionrndprojects\cmrndtest2\src\oddeven.cpp(147): error C2227: left of '->data' must point to class/struct/union/generic type
     1>c:\users\reddy\missionrndprojects\cmrndtest2\src\oddeven.cpp(157): error C2027: use of undefined type 'oddevennode'
                 c:\users\reddy\missionrndprojects\cmrndtest2\src\oddeven.cpp(34) : see declaration of 'oddevennode'
     1>c:\users\reddy\missionrndprojects\cmrndtest2\src\oddeven.cpp(157): error C2227: left of '->random' must point to class/struct/union/generic type
     1>c:\users\reddy\missionrndprojects\cmrndtest2\src\oddeven.cpp(173): error C2027: use of undefined type 'oddevennode'
                 c:\users\reddy\missionrndprojects\cmrndtest2\src\oddeven.cpp(34) : see declaration of 'oddevennode'
     1>c:\users\reddy\missionrndprojects\cmrndtest2\src\oddeven.cpp(173): error C2227: left of '->random' must point to class/struct/union/generic type
     1>c:\users\reddy\missionrndprojects\cmrndtest2\src\oddeven.cpp(180): error C2027: use of undefined type 'oddevennode'
                 c:\users\reddy\missionrndprojects\cmrndtest2\src\oddeven.cpp(34) : see declaration of 'oddevennode'
     1>c:\users\reddy\missionrndprojects\cmrndtest2\src\oddeven.cpp(180): error C2227: left of '->next' must point to class/struct/union/generic type
     1>Done Building Project "C:\Users\reddy\MissionRnDProjects\CMrndTest2\src\src.vcxproj" (Build target(s)) -- FAILED.

Build FAILED.

Time Elapsed 00:00:00.36
